ARM GAS  /tmp/ccv7AY6v.s 			page 1


   1              		.cpu cortex-m4
   2              		.eabi_attribute 27, 1
   3              		.eabi_attribute 28, 1
   4              		.eabi_attribute 20, 1
   5              		.eabi_attribute 21, 1
   6              		.eabi_attribute 23, 3
   7              		.eabi_attribute 24, 1
   8              		.eabi_attribute 25, 1
   9              		.eabi_attribute 26, 1
  10              		.eabi_attribute 30, 1
  11              		.eabi_attribute 34, 1
  12              		.eabi_attribute 18, 4
  13              		.file	"gpio.c"
  14              		.text
  15              	.Ltext0:
  16              		.cfi_sections	.debug_frame
  17              		.section	.text.MX_GPIO_Init,"ax",%progbits
  18              		.align	1
  19              		.global	MX_GPIO_Init
  20              		.arch armv7e-m
  21              		.syntax unified
  22              		.thumb
  23              		.thumb_func
  24              		.fpu fpv4-sp-d16
  26              	MX_GPIO_Init:
  27              	.LFB130:
  28              		.file 1 "Core/Src/gpio.c"
   1:Core/Src/gpio.c **** /* USER CODE BEGIN Header */
   2:Core/Src/gpio.c **** /**
   3:Core/Src/gpio.c ****   ******************************************************************************
   4:Core/Src/gpio.c ****   * @file    gpio.c
   5:Core/Src/gpio.c ****   * @brief   This file provides code for the configuration
   6:Core/Src/gpio.c ****   *          of all used GPIO pins.
   7:Core/Src/gpio.c ****   ******************************************************************************
   8:Core/Src/gpio.c ****   * @attention
   9:Core/Src/gpio.c ****   *
  10:Core/Src/gpio.c ****   * Copyright (c) 2022 STMicroelectronics.
  11:Core/Src/gpio.c ****   * All rights reserved.
  12:Core/Src/gpio.c ****   *
  13:Core/Src/gpio.c ****   * This software is licensed under terms that can be found in the LICENSE file
  14:Core/Src/gpio.c ****   * in the root directory of this software component.
  15:Core/Src/gpio.c ****   * If no LICENSE file comes with this software, it is provided AS-IS.
  16:Core/Src/gpio.c ****   *
  17:Core/Src/gpio.c ****   ******************************************************************************
  18:Core/Src/gpio.c ****   */
  19:Core/Src/gpio.c **** /* USER CODE END Header */
  20:Core/Src/gpio.c **** 
  21:Core/Src/gpio.c **** /* Includes ------------------------------------------------------------------*/
  22:Core/Src/gpio.c **** #include "gpio.h"
  23:Core/Src/gpio.c **** 
  24:Core/Src/gpio.c **** /* USER CODE BEGIN 0 */
  25:Core/Src/gpio.c **** 
  26:Core/Src/gpio.c **** /* USER CODE END 0 */
  27:Core/Src/gpio.c **** 
  28:Core/Src/gpio.c **** /*----------------------------------------------------------------------------*/
  29:Core/Src/gpio.c **** /* Configure GPIO                                                             */
  30:Core/Src/gpio.c **** /*----------------------------------------------------------------------------*/
ARM GAS  /tmp/ccv7AY6v.s 			page 2


  31:Core/Src/gpio.c **** /* USER CODE BEGIN 1 */
  32:Core/Src/gpio.c **** 
  33:Core/Src/gpio.c **** /* USER CODE END 1 */
  34:Core/Src/gpio.c **** 
  35:Core/Src/gpio.c **** /** Configure pins as
  36:Core/Src/gpio.c ****         * Analog
  37:Core/Src/gpio.c ****         * Input
  38:Core/Src/gpio.c ****         * Output
  39:Core/Src/gpio.c ****         * EVENT_OUT
  40:Core/Src/gpio.c ****         * EXTI
  41:Core/Src/gpio.c **** */
  42:Core/Src/gpio.c **** void MX_GPIO_Init(void)
  43:Core/Src/gpio.c **** {
  29              		.loc 1 43 1 view -0
  30              		.cfi_startproc
  31              		@ args = 0, pretend = 0, frame = 48
  32              		@ frame_needed = 0, uses_anonymous_args = 0
  33 0000 2DE9F041 		push	{r4, r5, r6, r7, r8, lr}
  34              	.LCFI0:
  35              		.cfi_def_cfa_offset 24
  36              		.cfi_offset 4, -24
  37              		.cfi_offset 5, -20
  38              		.cfi_offset 6, -16
  39              		.cfi_offset 7, -12
  40              		.cfi_offset 8, -8
  41              		.cfi_offset 14, -4
  42 0004 8CB0     		sub	sp, sp, #48
  43              	.LCFI1:
  44              		.cfi_def_cfa_offset 72
  44:Core/Src/gpio.c **** 
  45:Core/Src/gpio.c ****   GPIO_InitTypeDef GPIO_InitStruct = {0};
  45              		.loc 1 45 3 view .LVU1
  46              		.loc 1 45 20 is_stmt 0 view .LVU2
  47 0006 0024     		movs	r4, #0
  48 0008 0794     		str	r4, [sp, #28]
  49 000a 0894     		str	r4, [sp, #32]
  50 000c 0994     		str	r4, [sp, #36]
  51 000e 0A94     		str	r4, [sp, #40]
  52 0010 0B94     		str	r4, [sp, #44]
  46:Core/Src/gpio.c **** 
  47:Core/Src/gpio.c ****   /* GPIO Ports Clock Enable */
  48:Core/Src/gpio.c ****   __HAL_RCC_GPIOE_CLK_ENABLE();
  53              		.loc 1 48 3 is_stmt 1 view .LVU3
  54              	.LBB2:
  55              		.loc 1 48 3 view .LVU4
  56 0012 0094     		str	r4, [sp]
  57              		.loc 1 48 3 view .LVU5
  58 0014 414B     		ldr	r3, .L3
  59 0016 1A6B     		ldr	r2, [r3, #48]
  60 0018 42F01002 		orr	r2, r2, #16
  61 001c 1A63     		str	r2, [r3, #48]
  62              		.loc 1 48 3 view .LVU6
  63 001e 1A6B     		ldr	r2, [r3, #48]
  64 0020 02F01002 		and	r2, r2, #16
  65 0024 0092     		str	r2, [sp]
  66              		.loc 1 48 3 view .LVU7
  67 0026 009A     		ldr	r2, [sp]
ARM GAS  /tmp/ccv7AY6v.s 			page 3


  68              	.LBE2:
  69              		.loc 1 48 3 view .LVU8
  49:Core/Src/gpio.c ****   __HAL_RCC_GPIOF_CLK_ENABLE();
  70              		.loc 1 49 3 view .LVU9
  71              	.LBB3:
  72              		.loc 1 49 3 view .LVU10
  73 0028 0194     		str	r4, [sp, #4]
  74              		.loc 1 49 3 view .LVU11
  75 002a 1A6B     		ldr	r2, [r3, #48]
  76 002c 42F02002 		orr	r2, r2, #32
  77 0030 1A63     		str	r2, [r3, #48]
  78              		.loc 1 49 3 view .LVU12
  79 0032 1A6B     		ldr	r2, [r3, #48]
  80 0034 02F02002 		and	r2, r2, #32
  81 0038 0192     		str	r2, [sp, #4]
  82              		.loc 1 49 3 view .LVU13
  83 003a 019A     		ldr	r2, [sp, #4]
  84              	.LBE3:
  85              		.loc 1 49 3 view .LVU14
  50:Core/Src/gpio.c ****   __HAL_RCC_GPIOH_CLK_ENABLE();
  86              		.loc 1 50 3 view .LVU15
  87              	.LBB4:
  88              		.loc 1 50 3 view .LVU16
  89 003c 0294     		str	r4, [sp, #8]
  90              		.loc 1 50 3 view .LVU17
  91 003e 1A6B     		ldr	r2, [r3, #48]
  92 0040 42F08002 		orr	r2, r2, #128
  93 0044 1A63     		str	r2, [r3, #48]
  94              		.loc 1 50 3 view .LVU18
  95 0046 1A6B     		ldr	r2, [r3, #48]
  96 0048 02F08002 		and	r2, r2, #128
  97 004c 0292     		str	r2, [sp, #8]
  98              		.loc 1 50 3 view .LVU19
  99 004e 029A     		ldr	r2, [sp, #8]
 100              	.LBE4:
 101              		.loc 1 50 3 view .LVU20
  51:Core/Src/gpio.c ****   __HAL_RCC_GPIOD_CLK_ENABLE();
 102              		.loc 1 51 3 view .LVU21
 103              	.LBB5:
 104              		.loc 1 51 3 view .LVU22
 105 0050 0394     		str	r4, [sp, #12]
 106              		.loc 1 51 3 view .LVU23
 107 0052 1A6B     		ldr	r2, [r3, #48]
 108 0054 42F00802 		orr	r2, r2, #8
 109 0058 1A63     		str	r2, [r3, #48]
 110              		.loc 1 51 3 view .LVU24
 111 005a 1A6B     		ldr	r2, [r3, #48]
 112 005c 02F00802 		and	r2, r2, #8
 113 0060 0392     		str	r2, [sp, #12]
 114              		.loc 1 51 3 view .LVU25
 115 0062 039A     		ldr	r2, [sp, #12]
 116              	.LBE5:
 117              		.loc 1 51 3 view .LVU26
  52:Core/Src/gpio.c ****   __HAL_RCC_GPIOG_CLK_ENABLE();
 118              		.loc 1 52 3 view .LVU27
 119              	.LBB6:
 120              		.loc 1 52 3 view .LVU28
ARM GAS  /tmp/ccv7AY6v.s 			page 4


 121 0064 0494     		str	r4, [sp, #16]
 122              		.loc 1 52 3 view .LVU29
 123 0066 1A6B     		ldr	r2, [r3, #48]
 124 0068 42F04002 		orr	r2, r2, #64
 125 006c 1A63     		str	r2, [r3, #48]
 126              		.loc 1 52 3 view .LVU30
 127 006e 1A6B     		ldr	r2, [r3, #48]
 128 0070 02F04002 		and	r2, r2, #64
 129 0074 0492     		str	r2, [sp, #16]
 130              		.loc 1 52 3 view .LVU31
 131 0076 049A     		ldr	r2, [sp, #16]
 132              	.LBE6:
 133              		.loc 1 52 3 view .LVU32
  53:Core/Src/gpio.c ****   __HAL_RCC_GPIOA_CLK_ENABLE();
 134              		.loc 1 53 3 view .LVU33
 135              	.LBB7:
 136              		.loc 1 53 3 view .LVU34
 137 0078 0594     		str	r4, [sp, #20]
 138              		.loc 1 53 3 view .LVU35
 139 007a 1A6B     		ldr	r2, [r3, #48]
 140 007c 42F00102 		orr	r2, r2, #1
 141 0080 1A63     		str	r2, [r3, #48]
 142              		.loc 1 53 3 view .LVU36
 143 0082 1A6B     		ldr	r2, [r3, #48]
 144 0084 02F00102 		and	r2, r2, #1
 145 0088 0592     		str	r2, [sp, #20]
 146              		.loc 1 53 3 view .LVU37
 147 008a 059A     		ldr	r2, [sp, #20]
 148              	.LBE7:
 149              		.loc 1 53 3 view .LVU38
  54:Core/Src/gpio.c ****   __HAL_RCC_GPIOC_CLK_ENABLE();
 150              		.loc 1 54 3 view .LVU39
 151              	.LBB8:
 152              		.loc 1 54 3 view .LVU40
 153 008c 0694     		str	r4, [sp, #24]
 154              		.loc 1 54 3 view .LVU41
 155 008e 1A6B     		ldr	r2, [r3, #48]
 156 0090 42F00402 		orr	r2, r2, #4
 157 0094 1A63     		str	r2, [r3, #48]
 158              		.loc 1 54 3 view .LVU42
 159 0096 1B6B     		ldr	r3, [r3, #48]
 160 0098 03F00403 		and	r3, r3, #4
 161 009c 0693     		str	r3, [sp, #24]
 162              		.loc 1 54 3 view .LVU43
 163 009e 069B     		ldr	r3, [sp, #24]
 164              	.LBE8:
 165              		.loc 1 54 3 view .LVU44
  55:Core/Src/gpio.c **** 
  56:Core/Src/gpio.c ****   /*Configure GPIO pin Output Level */
  57:Core/Src/gpio.c ****   HAL_GPIO_WritePin(GPIOE, D6_Pin|D7_Pin|RS_Pin|EN_Pin
 166              		.loc 1 57 3 view .LVU45
 167 00a0 DFF88880 		ldr	r8, .L3+16
 168 00a4 2246     		mov	r2, r4
 169 00a6 3F21     		movs	r1, #63
 170 00a8 4046     		mov	r0, r8
 171 00aa FFF7FEFF 		bl	HAL_GPIO_WritePin
 172              	.LVL0:
ARM GAS  /tmp/ccv7AY6v.s 			page 5


  58:Core/Src/gpio.c ****                           |D4_Pin|D5_Pin, GPIO_PIN_RESET);
  59:Core/Src/gpio.c **** 
  60:Core/Src/gpio.c ****   /*Configure GPIO pin Output Level */
  61:Core/Src/gpio.c ****   HAL_GPIO_WritePin(GPIOF, S1_Pin|S2_Pin|S3_Pin|S4_Pin
 173              		.loc 1 61 3 view .LVU46
 174 00ae 1C4F     		ldr	r7, .L3+4
 175 00b0 2246     		mov	r2, r4
 176 00b2 40F2FF11 		movw	r1, #511
 177 00b6 3846     		mov	r0, r7
 178 00b8 FFF7FEFF 		bl	HAL_GPIO_WritePin
 179              	.LVL1:
  62:Core/Src/gpio.c ****                           |S5_Pin|S6_Pin|S7_Pin|DIGIT1_Pin
  63:Core/Src/gpio.c ****                           |DIGIT2_Pin, GPIO_PIN_RESET);
  64:Core/Src/gpio.c **** 
  65:Core/Src/gpio.c ****   /*Configure GPIO pin Output Level */
  66:Core/Src/gpio.c ****   HAL_GPIO_WritePin(GPIOD, LED3_Pin|LED4_Pin, GPIO_PIN_RESET);
 180              		.loc 1 66 3 view .LVU47
 181 00bc 194E     		ldr	r6, .L3+8
 182 00be 2246     		mov	r2, r4
 183 00c0 4FF4C041 		mov	r1, #24576
 184 00c4 3046     		mov	r0, r6
 185 00c6 FFF7FEFF 		bl	HAL_GPIO_WritePin
 186              	.LVL2:
  67:Core/Src/gpio.c **** 
  68:Core/Src/gpio.c ****   /*Configure GPIO pins : PEPin PEPin PEPin PEPin
  69:Core/Src/gpio.c ****                            PEPin PEPin */
  70:Core/Src/gpio.c ****   GPIO_InitStruct.Pin = D6_Pin|D7_Pin|RS_Pin|EN_Pin
 187              		.loc 1 70 3 view .LVU48
 188              		.loc 1 70 23 is_stmt 0 view .LVU49
 189 00ca 3F23     		movs	r3, #63
 190 00cc 0793     		str	r3, [sp, #28]
  71:Core/Src/gpio.c ****                           |D4_Pin|D5_Pin;
  72:Core/Src/gpio.c ****   GPIO_InitStruct.Mode = GPIO_MODE_OUTPUT_PP;
 191              		.loc 1 72 3 is_stmt 1 view .LVU50
 192              		.loc 1 72 24 is_stmt 0 view .LVU51
 193 00ce 0125     		movs	r5, #1
 194 00d0 0895     		str	r5, [sp, #32]
  73:Core/Src/gpio.c ****   GPIO_InitStruct.Pull = GPIO_NOPULL;
 195              		.loc 1 73 3 is_stmt 1 view .LVU52
 196              		.loc 1 73 24 is_stmt 0 view .LVU53
 197 00d2 0994     		str	r4, [sp, #36]
  74:Core/Src/gpio.c ****   GPIO_InitStruct.Speed = GPIO_SPEED_FREQ_LOW;
 198              		.loc 1 74 3 is_stmt 1 view .LVU54
 199              		.loc 1 74 25 is_stmt 0 view .LVU55
 200 00d4 0A94     		str	r4, [sp, #40]
  75:Core/Src/gpio.c ****   HAL_GPIO_Init(GPIOE, &GPIO_InitStruct);
 201              		.loc 1 75 3 is_stmt 1 view .LVU56
 202 00d6 07A9     		add	r1, sp, #28
 203 00d8 4046     		mov	r0, r8
 204 00da FFF7FEFF 		bl	HAL_GPIO_Init
 205              	.LVL3:
  76:Core/Src/gpio.c **** 
  77:Core/Src/gpio.c ****   /*Configure GPIO pins : PFPin PFPin PFPin PFPin
  78:Core/Src/gpio.c ****                            PFPin PFPin PFPin PFPin
  79:Core/Src/gpio.c ****                            PFPin */
  80:Core/Src/gpio.c ****   GPIO_InitStruct.Pin = S1_Pin|S2_Pin|S3_Pin|S4_Pin
 206              		.loc 1 80 3 view .LVU57
ARM GAS  /tmp/ccv7AY6v.s 			page 6


 207              		.loc 1 80 23 is_stmt 0 view .LVU58
 208 00de 40F2FF13 		movw	r3, #511
 209 00e2 0793     		str	r3, [sp, #28]
  81:Core/Src/gpio.c ****                           |S5_Pin|S6_Pin|S7_Pin|DIGIT1_Pin
  82:Core/Src/gpio.c ****                           |DIGIT2_Pin;
  83:Core/Src/gpio.c ****   GPIO_InitStruct.Mode = GPIO_MODE_OUTPUT_PP;
 210              		.loc 1 83 3 is_stmt 1 view .LVU59
 211              		.loc 1 83 24 is_stmt 0 view .LVU60
 212 00e4 0895     		str	r5, [sp, #32]
  84:Core/Src/gpio.c ****   GPIO_InitStruct.Pull = GPIO_NOPULL;
 213              		.loc 1 84 3 is_stmt 1 view .LVU61
 214              		.loc 1 84 24 is_stmt 0 view .LVU62
 215 00e6 0994     		str	r4, [sp, #36]
  85:Core/Src/gpio.c ****   GPIO_InitStruct.Speed = GPIO_SPEED_FREQ_LOW;
 216              		.loc 1 85 3 is_stmt 1 view .LVU63
 217              		.loc 1 85 25 is_stmt 0 view .LVU64
 218 00e8 0A94     		str	r4, [sp, #40]
  86:Core/Src/gpio.c ****   HAL_GPIO_Init(GPIOF, &GPIO_InitStruct);
 219              		.loc 1 86 3 is_stmt 1 view .LVU65
 220 00ea 07A9     		add	r1, sp, #28
 221 00ec 3846     		mov	r0, r7
 222 00ee FFF7FEFF 		bl	HAL_GPIO_Init
 223              	.LVL4:
  87:Core/Src/gpio.c **** 
  88:Core/Src/gpio.c ****   /*Configure GPIO pins : PDPin PDPin */
  89:Core/Src/gpio.c ****   GPIO_InitStruct.Pin = LED3_Pin|LED4_Pin;
 224              		.loc 1 89 3 view .LVU66
 225              		.loc 1 89 23 is_stmt 0 view .LVU67
 226 00f2 4FF4C043 		mov	r3, #24576
 227 00f6 0793     		str	r3, [sp, #28]
  90:Core/Src/gpio.c ****   GPIO_InitStruct.Mode = GPIO_MODE_OUTPUT_PP;
 228              		.loc 1 90 3 is_stmt 1 view .LVU68
 229              		.loc 1 90 24 is_stmt 0 view .LVU69
 230 00f8 0895     		str	r5, [sp, #32]
  91:Core/Src/gpio.c ****   GPIO_InitStruct.Pull = GPIO_NOPULL;
 231              		.loc 1 91 3 is_stmt 1 view .LVU70
 232              		.loc 1 91 24 is_stmt 0 view .LVU71
 233 00fa 0994     		str	r4, [sp, #36]
  92:Core/Src/gpio.c ****   GPIO_InitStruct.Speed = GPIO_SPEED_FREQ_LOW;
 234              		.loc 1 92 3 is_stmt 1 view .LVU72
 235              		.loc 1 92 25 is_stmt 0 view .LVU73
 236 00fc 0A94     		str	r4, [sp, #40]
  93:Core/Src/gpio.c ****   HAL_GPIO_Init(GPIOD, &GPIO_InitStruct);
 237              		.loc 1 93 3 is_stmt 1 view .LVU74
 238 00fe 07A9     		add	r1, sp, #28
 239 0100 3046     		mov	r0, r6
 240 0102 FFF7FEFF 		bl	HAL_GPIO_Init
 241              	.LVL5:
  94:Core/Src/gpio.c **** 
  95:Core/Src/gpio.c ****   /*Configure GPIO pins : PGPin PGPin */
  96:Core/Src/gpio.c ****   GPIO_InitStruct.Pin = KEY1_Pin|KEY2_Pin;
 242              		.loc 1 96 3 view .LVU75
 243              		.loc 1 96 23 is_stmt 0 view .LVU76
 244 0106 0C23     		movs	r3, #12
 245 0108 0793     		str	r3, [sp, #28]
  97:Core/Src/gpio.c ****   GPIO_InitStruct.Mode = GPIO_MODE_INPUT;
 246              		.loc 1 97 3 is_stmt 1 view .LVU77
ARM GAS  /tmp/ccv7AY6v.s 			page 7


 247              		.loc 1 97 24 is_stmt 0 view .LVU78
 248 010a 0894     		str	r4, [sp, #32]
  98:Core/Src/gpio.c ****   GPIO_InitStruct.Pull = GPIO_PULLUP;
 249              		.loc 1 98 3 is_stmt 1 view .LVU79
 250              		.loc 1 98 24 is_stmt 0 view .LVU80
 251 010c 0995     		str	r5, [sp, #36]
  99:Core/Src/gpio.c ****   HAL_GPIO_Init(GPIOG, &GPIO_InitStruct);
 252              		.loc 1 99 3 is_stmt 1 view .LVU81
 253 010e 07A9     		add	r1, sp, #28
 254 0110 0548     		ldr	r0, .L3+12
 255 0112 FFF7FEFF 		bl	HAL_GPIO_Init
 256              	.LVL6:
 100:Core/Src/gpio.c **** 
 101:Core/Src/gpio.c **** }
 257              		.loc 1 101 1 is_stmt 0 view .LVU82
 258 0116 0CB0     		add	sp, sp, #48
 259              	.LCFI2:
 260              		.cfi_def_cfa_offset 24
 261              		@ sp needed
 262 0118 BDE8F081 		pop	{r4, r5, r6, r7, r8, pc}
 263              	.L4:
 264              		.align	2
 265              	.L3:
 266 011c 00380240 		.word	1073887232
 267 0120 00140240 		.word	1073878016
 268 0124 000C0240 		.word	1073875968
 269 0128 00180240 		.word	1073879040
 270 012c 00100240 		.word	1073876992
 271              		.cfi_endproc
 272              	.LFE130:
 274              		.text
 275              	.Letext0:
 276              		.file 2 "/usr/lib/gcc/arm-none-eabi/10.3.1/include/stdint.h"
 277              		.file 3 "Drivers/CMSIS/Device/ST/STM32F4xx/Include/stm32f429xx.h"
 278              		.file 4 "Drivers/STM32F4xx_HAL_Driver/Inc/stm32f4xx_hal_gpio.h"
ARM GAS  /tmp/ccv7AY6v.s 			page 8


DEFINED SYMBOLS
                            *ABS*:0000000000000000 gpio.c
     /tmp/ccv7AY6v.s:18     .text.MX_GPIO_Init:0000000000000000 $t
     /tmp/ccv7AY6v.s:26     .text.MX_GPIO_Init:0000000000000000 MX_GPIO_Init
     /tmp/ccv7AY6v.s:266    .text.MX_GPIO_Init:000000000000011c $d

UNDEFINED SYMBOLS
HAL_GPIO_WritePin
HAL_GPIO_Init
